<?xml version="1.0" encoding="UTF-8"?>
<!-- Generated by org.testng.reporters.JUnitXMLReporter -->
<testsuite ignored="0" hostname="LAPTOP-TC8I3P4Q" failures="0" tests="8" name="Default test" time="0.1" errors="0" timestamp="2023-05-26T10:49:54 IST">
  <testcase classname="testngflags.Flag4" name="a" time="0.012"/>
  <testcase classname="testngflags.Flag4" name="b" time="0.001"/>
  <testcase classname="testngflags.Flag4" name="c" time="0.002"/>
  <testcase classname="testngflags.Flag4" name="d" time="0.001"/>
  <testcase classname="testngflags.Flag4" name="e" time="0.003"/>
  <testcase classname="testngflags.Flag4" name="g" time="0.002"/>
  <testcase classname="testngflags.Flag4" name="h" time="0.001"/>
  <testcase classname="testngflags.Flag4" name="f" time="0.002"/>
</testsuite> <!-- Default test -->
